z:\visual studio solutions\tictactoeapp\tictactoeapp\x64\debug\vc143.pdb
z:\visual studio solutions\tictactoeapp\tictactoeapp\x64\debug\vc143.idb
z:\visual studio solutions\tictactoeapp\tictactoeapp\x64\debug\menu.obj
z:\visual studio solutions\tictactoeapp\tictactoeapp\x64\debug\tictactoeapp.obj
z:\visual studio solutions\tictactoeapp\tictactoeapp\x64\debug\player.obj
z:\visual studio solutions\tictactoeapp\tictactoeapp\x64\debug\game.obj
z:\visual studio solutions\tictactoeapp\tictactoeapp\x64\debug\board.obj
z:\visual studio solutions\tictactoeapp\tictactoeapp\x64\debug\com.obj
z:\visual studio solutions\tictactoeapp\x64\debug\tictactoeapp.exe
z:\visual studio solutions\tictactoeapp\x64\debug\tictactoeapp.pdb
z:\visual studio solutions\tictactoeapp\tictactoeapp\x64\debug\tictactoeapp.ilk
f:\git_repo\tictactoeapp\tictactoeapp\x64\debug\board.obj
f:\git_repo\tictactoeapp\tictactoeapp\x64\debug\com.obj
f:\git_repo\tictactoeapp\tictactoeapp\x64\debug\game.obj
f:\git_repo\tictactoeapp\tictactoeapp\x64\debug\menu.obj
f:\git_repo\tictactoeapp\tictactoeapp\x64\debug\player.obj
f:\git_repo\tictactoeapp\tictactoeapp\x64\debug\tictactoeapp.obj
f:\git_repo\tictactoeapp\tictactoeapp\x64\debug\board.obj.enc
f:\git_repo\tictactoeapp\tictactoeapp\x64\debug\game.obj.enc
f:\git_repo\tictactoeapp\tictactoeapp\x64\debug\tictactoeapp.ilk
f:\git_repo\tictactoeapp\tictactoeapp\x64\debug\vc143.idb
f:\git_repo\tictactoeapp\tictactoeapp\x64\debug\vc143.pdb
f:\git_repo\tictactoeapp\x64\debug\tictactoeapp.pdb
f:\git_repo\tictactoeapp\x64\debug\tictactoeapp.exe
f:\git_repo\tictactoeapp\tictactoeapp\x64\debug\tictactoeapp.tlog\cl.command.1.tlog
f:\git_repo\tictactoeapp\tictactoeapp\x64\debug\tictactoeapp.tlog\cl.items.tlog
f:\git_repo\tictactoeapp\tictactoeapp\x64\debug\tictactoeapp.tlog\cl.read.1.tlog
f:\git_repo\tictactoeapp\tictactoeapp\x64\debug\tictactoeapp.tlog\cl.write.1.tlog
f:\git_repo\tictactoeapp\tictactoeapp\x64\debug\tictactoeapp.tlog\link.command.1.tlog
f:\git_repo\tictactoeapp\tictactoeapp\x64\debug\tictactoeapp.tlog\link.read.1.tlog
f:\git_repo\tictactoeapp\tictactoeapp\x64\debug\tictactoeapp.tlog\link.secondary.1.tlog
f:\git_repo\tictactoeapp\tictactoeapp\x64\debug\tictactoeapp.tlog\link.write.1.tlog
